<?xml version="1.0" encoding="UTF-8"?>
<testsuite name="com.investme.backend.BackendApplicationTests" tests="1" skipped="0" failures="0" errors="0" timestamp="2026-08-07T13:58:44.692Z" hostname="DESKTOP-H65LQQC" time="72.452">
  <properties/>
  <testcase name="contextLoads()" classname="com.investme.backend.BackendApplicationTests" time="1.165"/>
  <system-out><![CDATA[22:58:47.123 [Test worker] INFO org.springframework.test.context.support.AnnotationConfigContextLoaderUtils -- Could not detect default configuration classes for test class [com.investme.backend.BackendApplicationTests]: BackendApplicationTests does not declare any static, non-private, non-final, nested classes annotated with @Configuration.
22:58:48.248 [Test worker] INFO org.springframework.boot.test.context.SpringBootTestContextBootstrapper -- Found @SpringBootConfiguration com.investme.backend.BackendApplication for test class com.investme.backend.BackendApplicationTests
22:58:49.445 [Test worker] INFO org.springframework.test.context.support.AnnotationConfigContextLoaderUtils -- Could not detect default configuration classes for test class [com.investme.backend.BackendApplicationTests]: BackendApplicationTests does not declare any static, non-private, non-final, nested classes annotated with @Configuration.
22:58:49.455 [Test worker] INFO org.springframework.boot.test.context.SpringBootTestContextBootstrapper -- Found @SpringBootConfiguration com.investme.backend.BackendApplication for test class com.investme.backend.BackendApplicationTests

  .   ____          _            __ _ _
 /\\ / ___'_ __ _ _(_)_ __  __ _ \ \ \ \
( ( )\___ | '_ | '_| | '_ \/ _` | \ \ \ \
 \\/  ___)| |_)| | | | | || (_| |  ) ) ) )
  '  |____| .__|_| |_|_| |_\__, | / / / /
 =========|_|==============|___/=/_/_/_/

 :: Spring Boot ::                (v4.1.0)

2026-08-07T22:58:52.612+09:00  INFO 253244 --- [backend] [    Test worker] c.i.backend.BackendApplicationTests      : Starting BackendApplicationTests using Java 17.0.19 with PID 253244 (started by ryunn0228 in /mnt/c/ECC_backend/backend)
2026-08-07T22:58:52.615+09:00  INFO 253244 --- [backend] [    Test worker] c.i.backend.BackendApplicationTests      : No active profile set, falling back to 1 default profile: "default"
2026-08-07T22:58:57.336+09:00  INFO 253244 --- [backend] [    Test worker] .s.d.r.c.RepositoryConfigurationDelegate : Bootstrapping Spring Data JPA repositories in DEFAULT mode.
2026-08-07T22:58:58.055+09:00  INFO 253244 --- [backend] [    Test worker] .s.d.r.c.RepositoryConfigurationDelegate : Finished Spring Data repository scanning in 661 ms. Found 6 JPA repository interfaces.
2026-08-07T22:59:09.581+09:00  INFO 253244 --- [backend] [    Test worker] org.hibernate.orm.jpa                    : HHH008540: Processing PersistenceUnitInfo [name: default]
2026-08-07T22:59:12.745+09:00  INFO 253244 --- [backend] [    Test worker] org.hibernate.orm.core                   : HHH000001: Hibernate ORM core version 7.4.1.Final
2026-08-07T22:59:34.221+09:00  INFO 253244 --- [backend] [    Test worker] o.s.o.j.p.SpringPersistenceUnitInfo      : No LoadTimeWeaver setup: ignoring JPA class transformer
2026-08-07T22:59:34.908+09:00  INFO 253244 --- [backend] [    Test worker] com.zaxxer.hikari.HikariDataSource       : HikariPool-1 - Starting...
2026-08-07T22:59:37.417+09:00  INFO 253244 --- [backend] [    Test worker] com.zaxxer.hikari.pool.HikariPool        : HikariPool-1 - Added connection conn0: url=jdbc:h2:mem:testdb user=SA
2026-08-07T22:59:37.434+09:00  INFO 253244 --- [backend] [    Test worker] com.zaxxer.hikari.HikariDataSource       : HikariPool-1 - Start completed.
2026-08-07T22:59:37.947+09:00  INFO 253244 --- [backend] [    Test worker] org.hibernate.orm.connections.pooling    : HHH10001005: Database info:
	Database JDBC URL [jdbc:h2:mem:testdb]
	Database driver: H2 JDBC Driver
	Database dialect: H2Dialect
	Database version: 2.4.240
	Default catalog/schema: TESTDB/PUBLIC
	Autocommit mode: undefined/unknown
	Isolation level: READ_COMMITTED [default READ_COMMITTED]
	JDBC fetch size: 100
	Pool: DataSourceConnectionProvider
	Minimum pool size: undefined/unknown
	Maximum pool size: undefined/unknown
2026-08-07T22:59:49.127+09:00  INFO 253244 --- [backend] [    Test worker] org.hibernate.orm.core                   : HHH000489: No JTA platform available (set 'hibernate.transaction.jta.platform' to enable JTA platform integration)
Hibernate: 
    create table company (
        company_id varchar(255) not null,
        company_name varchar(255) not null,
        current_price integer not null,
        dividend_yield float(24),
        last_updated timestamp(6),
        sector varchar(255),
        trend varchar(255),
        volatility float(24),
        primary key (company_id)
    )
Hibernate: 
    create table news (
        news_id bigint generated by default as identity,
        content varchar(3000) not null,
        published_at timestamp(6) not null,
        title varchar(255) not null,
        primary key (news_id)
    )
Hibernate: 
    create table stock_price_history (
        history_id bigint generated by default as identity,
        company_id varchar(255) not null,
        created_at timestamp(6) not null,
        price integer not null,
        primary key (history_id)
    )
Hibernate: 
    create table user_news_event (
        event_id bigint generated by default as identity,
        duration_seconds integer,
        news_id bigint not null,
        user_id bigint not null,
        viewed_at timestamp(6) not null,
        primary key (event_id)
    )
Hibernate: 
    create table users (
        id bigint generated by default as identity,
        cash_balance bigint not null,
        created_at timestamp(6) not null,
        password_hash varchar(255) not null,
        refresh_token varchar(255),
        user_id varchar(255) not null,
        primary key (id)
    )
Hibernate: 
    create table user_stock (
        holding_id bigint generated by default as identity,
        average_price integer not null,
        company_id varchar(255) not null,
        quantity integer not null,
        total_amount bigint not null,
        user_id bigint not null,
        primary key (holding_id)
    )
Hibernate: 
    alter table if exists users 
       drop constraint if exists UK6efs5vmce86ymf5q7lmvn2uuf
Hibernate: 
    alter table if exists users 
       add constraint UK6efs5vmce86ymf5q7lmvn2uuf unique (user_id)
2026-08-07T22:59:49.581+09:00  INFO 253244 --- [backend] [    Test worker] j.LocalContainerEntityManagerFactoryBean : Initialized JPA EntityManagerFactory for persistence unit 'default'
2026-08-07T22:59:50.114+09:00  INFO 253244 --- [backend] [    Test worker] o.s.d.j.r.query.QueryEnhancerFactories   : Hibernate is in classpath; If applicable, HQL parser will be used.
2026-08-07T22:59:52.031+09:00  WARN 253244 --- [backend] [    Test worker] JpaBaseConfiguration$JpaWebConfiguration : spring.jpa.open-in-view is enabled by default. Therefore, database queries may be performed during view rendering. Explicitly configure spring.jpa.open-in-view to disable this warning
2026-08-07T22:59:52.827+09:00  WARN 253244 --- [backend] [    Test worker] .s.a.UserDetailsServiceAutoConfiguration : 

Using generated security password: dedbfc64-8f57-4a35-91c7-b9a78de356e6

This generated password is for development use only. Your security configuration must be updated before running your application in production.

2026-08-07T22:59:52.890+09:00  INFO 253244 --- [backend] [    Test worker] r$InitializeUserDetailsManagerConfigurer : Global AuthenticationManager configured with UserDetailsService bean with name inMemoryUserDetailsManager
2026-08-07T22:59:55.397+09:00  INFO 253244 --- [backend] [    Test worker] o.s.b.h.a.H2ConsoleAutoConfiguration     : H2 console available at '/h2-console'. Database available at 'jdbc:h2:mem:testdb'
2026-08-07T22:59:55.930+09:00  INFO 253244 --- [backend] [    Test worker] c.i.backend.BackendApplicationTests      : Started BackendApplicationTests in 65.307 seconds (process running for 73.712)
Hibernate: 
    select
        c1_0.company_id,
        c1_0.company_name,
        c1_0.current_price,
        c1_0.dividend_yield,
        c1_0.last_updated,
        c1_0.sector,
        c1_0.trend,
        c1_0.volatility 
    from
        company c1_0
]]></system-out>
  <system-err><![CDATA[]]></system-err>
</testsuite>
